eltex-pg1-v22@eltex-2026-spring:~$ ssh-keygen 

Generating public/private rsa key pair.
Enter file in which to save the key (/home/eltex-pg1-v22/.ssh/id_rsa): 
Enter passphrase (empty for no passphrase): 
Enter same passphrase again: 
Your identification has been saved in /home/eltex-pg1-v22/.ssh/id_rsa
Your public key has been saved in /home/eltex-pg1-v22/.ssh/id_rsa.pub
The key fingerprint is:
SHA256:4Wh4byyOcfz8pAwjCzUjom/JxshU40K1vNPWC1hMAOM eltex-pg1-v22@eltex-2026-spring
The key's randomart image is:
+---[RSA 3072]----+
| o...            |
|. .. .           |
| Eo +   .        |
| . = + o .       |
|o + @ = S        |
|.+ B X +         |
|++o.= B = .      |
|.o*. B X o       |
| o. o . =..      |
+----[SHA256]-----+
eltex-pg1-v22@eltex-2026-spring:~$ ssh-copy-id root@172.16.9.196

/usr/bin/ssh-copy-id: INFO: Source of key(s) to be installed: "/home/eltex-pg1-v22/.ssh/id_rsa.pub"
/usr/bin/ssh-copy-id: INFO: attempting to log in with the new key(s), to filter out any that are already installed
/usr/bin/ssh-copy-id: INFO: 1 key(s) remain to be installed -- if you are prompted now it is to install the new keys

root@172.16.9.196's password: 

Number of key(s) added: 1

Now try logging into the machine, with:   "ssh 'root@172.16.9.196'"
and check to make sure that only the key(s) you wanted were added.

eltex-pg1-v22@eltex-2026-spring:~$ ls less !/.~/.ssgh/*.pub
ssh-rsa AAAAB3NzaC1yc2EAAAADAQABAAABgQCggQlantYQY4htyYDrjPyYu/9fvuyyKDMRMgS/0N0yU/LrOsQt3MDR8NIUCIrkBFvdQkdTtdq+QeppA6qe8nD39JP0046CDIAlqj39EJZmCJHbbulkThD+ EYN4kiaEHgyOfj6lZkLcgywtHglmkDGud2RQ3kuPpqSyncguWTYkl1c7kaAOKynDzZt8EVZTGsCVZ2fQDnTuJZRT5y6eSOo7mj6cmBkEqkZF3r5UDIukJRgmEmjK9BrRc/46Q466pALwkptm8bmY5eJ5jM/N +0hgReKQ4oQZEA6l2e6hGFQthQJujiSE3pJElsIxsBvYv0v22IsoSuDlvyzci6rZ2SKoIEMh56F0VYHm9C10hnO71wr6kc6C3ndXjHojtsQnkj1gYKrpAHsSXZBnADWAs9geJ6WI0AUMXFwrtz+S8CPGnGoq qiCPKw2xoCsW92lgbkkm0llLMBNsX10JyHsMljRJ/7wtT2qC+GxaNcTdVYSHbYyngCXAkX3CcsJ+zeOomWE= eltex-pg1-v22@eltex-2026-spring
~
~
~
~
~
~
~
~
~
~
~
~
~
~
~
~
~
~
~
(END)

eltex-pg1-v22@eltex-2026-spring:~$ ssh root@172.16.9.196

root@eltex-practice2-pg1-v22:~# less ~/.ssh/authorized_keys

ssh-rsa AAAAB3NzaC1yc2EAAAADAQABAAABgQCggQlantYQY4htyYDrjPyYu/9fvuyyKDMRMgS/0N0yU/LrOsQt3MDR8NIUCIrkBFvdQkdTtdq+QeppA6qe8nD39JP0046CDIAlqj39EJZmCJHbbulkThD+ EYN4kiaEHgyOfj6lZkLcgywtHglmkDGud2RQ3kuPpqSyncguWTYkl1c7kaAOKynDzZt8EVZTGsCVZ2fQDnTuJZRT5y6eSOo7mj6cmBkEqkZF3r5UDIukJRgmEmjK9BrRc/46Q466pALwkptm8bmY5eJ5jM/N +0hgReKQ4oQZEA6l2e6hGFQthQJujiSE3pJElsIxsBvYv0v22IsoSuDlvyzci6rZ2SKoIEMh56F0VYHm9C10hnO71wr6kc6C3ndXjHojtsQnkj1gYKrpAHsSXZBnADWAs9geJ6WI0AUMXFwrtz+S8CPGnGoq qiCPKw2xoCsW92lgbkkm0llLMBNsX10JyHsMljRJ/7wtT2qC+GxaNcTdVYSHbYyngCXAkX3CcsJ+zeOomWE= eltex-pg1-v22@eltex-2026-spring
/root/.ssh/authorized_keys (END)

root@eltex-practice2-pg1-v22:~# useradd -m -s /bin/bash user1

root@eltex-practice2-pg1-v22:~# passwd user1

New password: 
Retype new password: 
passwd: password updated successfully

root@eltex-practice2-pg1-v22:~# adduser user2
info: Adding user `user2' ...
info: Selecting UID/GID from range 1000 to 59999 ...
info: Adding new group `user2' (1002) ...
info: Adding new user `user2' (1002) with group `user2 (1002)' ...
info: Creating home directory `/home/user2' ...
info: Copying files from `/etc/skel' ...
New password:
Retype new password:
passwd: password updated successfully
Changing the user information for user2
Enter the new value, or press ENTER for the default
        Full Name []:
        Room Number []:
        Work Phone []:
        Home Phone []:
        Other []:
Is the information correct? [Y/n] Y
info: Adding new user `user2' to supplemental / extra groups `users' ...
info: Adding user `user2' to group `users' ...
root@eltex-practice2-pg1-v22:~# adduser user3
info: Adding user `user3' ...
info: Selecting UID/GID from range 1000 to 59999 ...
info: Adding new group `user3' (1003) ...
info: Adding new user `user3' (1003) with group `user3 (1003)' ...
info: Creating home directory `/home/user3' ...
info: Copying files from `/etc/skel' ...
New password:
Retype new password:
passwd: password updated successfully
Changing the user information for user3
Enter the new value, or press ENTER for the default
        Full Name []:
        Room Number []:
        Work Phone []:
        Home Phone []:
        Other []:
Is the information correct? [Y/n] Y
info: Adding new user `user3' to supplemental / extra groups `users' ...
info: Adding user `user3' to group `users' ...
root@eltex-practice2-pg1-v22:~# usermod -s /usr/sbin/nologin user3
root@eltex-practice2-pg1-v22:~# su user3
This account is currently not available.
root@eltex-practice2-pg1-v22:~# su -s /bin/bash user3
user3@eltex-practice2-pg1-v22:/root$ exit
exit
root@eltex-practice2-pg1-v22:~# for u in $(compgen -u user); do usermod -aG Students "$u"; done
root@eltex-practice2-pg1-v22:~# for u in $(compgen -u user); do groups "$u"; done
user1 : user1 Students
user2 : user2 users Students
user3 : user3 users Students
root@eltex-practice2-pg1-v22:~# chmod 2770 /opt/share
root@eltex-practice2-pg1-v22:~# ls -ld /opt/share
drwxrws--- 2 root Students 4096 Mar 14 14:14 /opt/share
root@eltex-practice2-pg1-v22:~# less /home/user1/.profile

# ~/.profile: executed by the command interpreter for login shells.
# This file is not read by bash(1), if ~/.bash_profile or ~/.bash_login
# exists.
# see /usr/share/doc/bash/examples/startup-files for examples.
# the files are located in the bash-doc package.

# the default umask is set in /etc/profile; for setting the umask
# for ssh logins, install and configure the libpam-umask package.
#umask 022

# if running bash
if [ -n "$BASH_VERSION" ]; then
    # include .bashrc if it exists
    if [ -f "$HOME/.bashrc" ]; then
        . "$HOME/.bashrc"
    fi
fi

# set PATH so it includes user's private bin if it exists
if [ -d "$HOME/bin" ] ; then
    PATH="$HOME/bin:$PATH"
fi

root@eltex-practice2-pg1-v22:~# sed 's/#umask 022/umask 026' /home/user1/.profile
sed: -e expression #1, char 22: unterminated `s' command
root@eltex-practice2-pg1-v22:~# sed 's/#umask 022/umask 026/' /home/user1/.profile
# ~/.profile: executed by the command interpreter for login shells.
# This file is not read by bash(1), if ~/.bash_profile or ~/.bash_login
# exists.
# see /usr/share/doc/bash/examples/startup-files for examples.
# the files are located in the bash-doc package.

# the default umask is set in /etc/profile; for setting the umask
# for ssh logins, install and configure the libpam-umask package.
umask 026

# if running bash
if [ -n "$BASH_VERSION" ]; then
    # include .bashrc if it exists
    if [ -f "$HOME/.bashrc" ]; then
        . "$HOME/.bashrc"
    fi
fi

# set PATH so it includes user's private bin if it exists
if [ -d "$HOME/bin" ] ; then
    PATH="$HOME/bin:$PATH"
fi

# set PATH so it includes user's private bin if it exists
if [ -d "$HOME/.local/bin" ] ; then
    PATH="$HOME/.local/bin:$PATH"
fi

root@eltex-practice2-pg1-v22:~# su - user1
user1@eltex-practice2-pg1-v22:~$ touch /opt/share/user1_file.txt
user1@eltex-practice2-pg1-v22:~$ logout
root@eltex-practice2-pg1-v22:~# su - user2
user2@eltex-practice2-pg1-v22:~$ touch /opt/share/user2_file.txt
user2@eltex-practice2-pg1-v22:~$ logout
root@eltex-practice2-pg1-v22:~# su -s /bin/bash user3
user3@eltex-practice2-pg1-v22:/root$ touch /opt/share/user3_file.txt
user3@eltex-practice2-pg1-v22:/root$ exit
exit
root@eltex-practice2-pg1-v22:~# ls -l /opt/share
total 0
-rw-rw-r-- 1 user1 Students 0 Mar 15 06:07 user1_file.txt
-rw-rw-r-- 1 user2 Students 0 Mar 15 06:08 user2_file.txt
-rw-rw-r-- 1 user3 Students 0 Mar 15 06:10 user3_file.txt

root@eltex-practice2-pg1-v22:~# su - user1
user1@eltex-practice2-pg1-v22:~$ rm /opt/share/user2_file.txt
user1@eltex-practice2-pg1-v22:~$ logout
root@eltex-practice2-pg1-v22:~# ls -l /opt/share
total 0
-rw-rw-r-- 1 user1 Students 0 Mar 15 06:07 user1_file.txt
-rw-rw-r-- 1 user3 Students 0 Mar 15 06:10 user3_file.txt
root@eltex-practice2-pg1-v22:~# su - user2
user2@eltex-practice2-pg1-v22:~$ rm /opt/share/user3_file.txt
user2@eltex-practice2-pg1-v22:~$ logout
root@eltex-practice2-pg1-v22:~# ls -l /opt/share
total 0
-rw-rw-r-- 1 user1 Students 0 Mar 15 06:07 user1_file.txt
root@eltex-practice2-pg1-v22:~# su -s /bin/bash user3
user3@eltex-practice2-pg1-v22:/root$ rm /opt/share/user1_file.txt
user3@eltex-practice2-pg1-v22:/root$ exit
exit
root@eltex-practice2-pg1-v22:~# ls -l /opt/share
total 0

root@eltex-practice2-pg1-v22:~# chmod +t /opt/share
root@eltex-practice2-pg1-v22:~# ls -ld /opt/share/
drwxrws--T 2 root Students 4096 Mar 15 06:13 /opt/share/

root@eltex-practice2-pg1-v22:~# su - user1
user1@eltex-practice2-pg1-v22:~$ touch /opt/share/user1_file.txt
user1@eltex-practice2-pg1-v22:~$ logout
root@eltex-practice2-pg1-v22:~# su - user2
user2@eltex-practice2-pg1-v22:~$ touch /opt/share/user2_file.txt
user2@eltex-practice2-pg1-v22:~$ logout
root@eltex-practice2-pg1-v22:~# su -s /bin/bash user3
user3@eltex-practice2-pg1-v22:/root$ touch /opt/share/user3_file.txt
user3@eltex-practice2-pg1-v22:/root$ exit
exit

root@eltex-practice2-pg1-v22:~# su - user1
user1@eltex-practice2-pg1-v22:~$ rm /opt/share/user2_file.txt
rm: cannot remove '/opt/share/user2_file.txt': Operation not permitted
user1@eltex-practice2-pg1-v22:~$ logout
root@eltex-practice2-pg1-v22:~# su - user2
user2@eltex-practice2-pg1-v22:~$ rm /opt/share/user3_file.txt
rm: cannot remove '/opt/share/user3_file.txt': Operation not permitted
user2@eltex-practice2-pg1-v22:~$ logout
root@eltex-practice2-pg1-v22:~# su -s /bin/bash user3
user3@eltex-practice2-pg1-v22:/root$ rm /opt/share/user1_file.txt
rm: cannot remove '/opt/share/user1_file.txt': Operation not permitted
user3@eltex-practice2-pg1-v22:/root$ exit
exit
root@eltex-practice2-pg1-v22:~# less /etc/sudoers
root@eltex-practice2-pg1-v22:~# which dmesg
/usr/bin/dmesg
root@eltex-practice2-pg1-v22:~# visudo
root@eltex-practice2-pg1-v22:~# su - user1
user1@eltex-practice2-pg1-v22:~$ sudo dmesg | tail
[240664.708219] audit: type=1400 audit(1773544701.221:426): apparmor="DENIED" operation="mknod" class="file" profile="ubuntu_pro_apt_news" name="/usr/lib/python3/dist-packages/uaclient/__pycache__/__init__.cpython-312.pyc.131253245490992" pid=49649 comm="python3" requested_mask="c" denied_mask="c" fsuid=0 ouid=0
[240664.717632] audit: type=1400 audit(1773544701.230:427): apparmor="DENIED" operation="mknod" class="file" profile="ubuntu_pro_apt_news" name="/usr/lib/python3/dist-packages/uaclient/__pycache__/apt.cpython-312.pyc.131253245664752" pid=49649 comm="python3" requested_mask="c" denied_mask="c" fsuid=0 ouid=0
[240664.725749] audit: type=1400 audit(1773544701.238:428): apparmor="DENIED" operation="mknod" class="file" profile="ubuntu_pro_esm_cache" name="/usr/lib/python3/dist-packages/uaclient/__pycache__/__init__.cpython-312.pyc.135251206999472" pid=49650 comm="python3" requested_mask="c" denied_mask="c" fsuid=0 ouid=0
[240664.726684] audit: type=1400 audit(1773544701.239:429): apparmor="DENIED" operation="mknod" class="file" profile="ubuntu_pro_esm_cache" name="/usr/lib/python3/dist-packages/uaclient/__pycache__/log.cpython-312.pyc.135251208550784" pid=49650 comm="python3" requested_mask="c" denied_mask="c" fsuid=0 ouid=0
[240664.732375] audit: type=1400 audit(1773544701.245:430): apparmor="DENIED" operation="mknod" class="file" profile="ubuntu_pro_esm_cache" name="/usr/lib/python3/dist-packages/uaclient/__pycache__/defaults.cpython-312.pyc.135251205888048" pid=49650 comm="python3" requested_mask="c" denied_mask="c" fsuid=0 ouid=0
[240664.732676] audit: type=1400 audit(1773544701.245:431): apparmor="DENIED" operation="mknod" class="file" profile="ubuntu_pro_esm_cache" name="/usr/lib/python3/dist-packages/uaclient/__pycache__/secret_manager.cpython-312.pyc.135251205888048" pid=49650 comm="python3" requested_mask="c" denied_mask="c" fsuid=0 ouid=0
[240664.736120] audit: type=1400 audit(1773544701.248:432): apparmor="DENIED" operation="mknod" class="file" profile="ubuntu_pro_esm_cache" name="/usr/lib/python3/dist-packages/uaclient/__pycache__/system.cpython-312.pyc.135251205890096" pid=49650 comm="python3" requested_mask="c" denied_mask="c" fsuid=0 ouid=0
[240664.743541] audit: type=1400 audit(1773544701.256:433): apparmor="DENIED" operation="mknod" class="file" profile="ubuntu_pro_esm_cache" name="/usr/lib/python3/dist-packages/uaclient/__pycache__/exceptions.cpython-312.pyc.135251206336048" pid=49650 comm="python3" requested_mask="c" denied_mask="c" fsuid=0 ouid=0
[240664.748115] audit: type=1400 audit(1773544701.260:434): apparmor="DENIED" operation="mknod" class="file" profile="ubuntu_pro_esm_cache" name="/usr/lib/python3/dist-packages/uaclient/messages/__pycache__/__init__.cpython-312.pyc.135251205111088" pid=49650 comm="python3" requested_mask="c" denied_mask="c" fsuid=0 ouid=0
[240664.748902] audit: type=1400 audit(1773544701.261:435): apparmor="DENIED" operation="mknod" class="file" profile="ubuntu_pro_esm_cache" name="/usr/lib/python3/dist-packages/uaclient/messages/__pycache__/urls.cpython-312.pyc.135251205111088" pid=49650 comm="python3" requested_mask="c" denied_mask="c" fsuid=0 ouid=0

user1@eltex-practice2-pg1-v22:~$ logout

root@eltex-practice2-pg1-v22:~# vi /usr/local/bin/run_dmesg.sh
root@eltex-practice2-pg1-v22:~# less /usr/local/bin/run_dmesg.sh
#!/bin/bash
/usr/bin/dmesg
(END)
root@eltex-practice2-pg1-v22:~# chown root:root /usr/local/bin/run_dmesg.sh
root@eltex-practice2-pg1-v22:~# chmod 4755 /usr/local/bin/run_dmesg.sh
root@eltex-practice2-pg1-v22:~# ls -l /usr/local/bin/run_dmesg.sh
-rwsr-xr-x 1 root root 27 Mar 15 06:39 /usr/local/bin/run_dmesg.sh
root@eltex-practice2-pg1-v22:~# su - user2
user2@eltex-practice2-pg1-v22:~$ /usr/local/bin/run_dmesg.sh
dmesg: read kernel buffer failed: Operation not permitted
user2@eltex-practice2-pg1-v22:~$ logout
root@eltex-practice2-pg1-v22:~# for u in $(compgen -u user); do chage -M 10 -d 0 "$u"; done
root@eltex-practice2-pg1-v22:~# chage -l user1
Last password change                                    : password must be changed
Password expires                                        : password must be changed
Password inactive                                       : password must be changed
Account expires                                         : never
Minimum number of days between password change          : 0
Maximum number of days between password change          : 10
Number of days of warning before password expires       : 7
root@eltex-practice2-pg1-v22:~# chage -l user2
Last password change                                    : password must be changed
Password expires                                        : password must be changed
Password inactive                                       : password must be changed
Account expires                                         : never
Minimum number of days between password change          : 0
Maximum number of days between password change          : 10
Number of days of warning before password expires       : 7
root@eltex-practice2-pg1-v22:~# chage -l user3
Last password change                                    : password must be changed
Password expires                                        : password must be changed
Password inactive                                       : password must be changed
Account expires                                         : never
Minimum number of days between password change          : 0
Maximum number of days between password change          : 10
Number of days of warning before password expires       : 7
root@eltex-practice2-pg1-v22:~# vi /etc/motd
root@eltex-practice2-pg1-v22:~# cat /etc/motd
Чернощеков Владимир

root@eltex-practice2-pg1-v22:~# rsync -r /etc /root/etc_backup
root@eltex-practice2-pg1-v22:~# cd /root
root@eltex-practice2-pg1-v22:~# ls -l
total 4
drwxr-xr-x 3 root root 4096 Mar 15 07:35 etc_backup
root@eltex-practice2-pg1-v22:~# cd
.cache/     etc_backup/ .local/     .ssh/
root@eltex-practice2-pg1-v22:~# apt install p7zip-full
root@eltex-practice2-pg1-v22:~# tar -czf etc_backup.tar.gz etc_backup
root@eltex-practice2-pg1-v22:~# tar -cjf etc_backup.tar.bz2 etc_backup
root@eltex-practice2-pg1-v22:~# 7z a etc_backup.7z etc_backup
root@eltex-practice2-pg1-v22:~# ls -l
total 1552
drwxr-xr-x 3 root root   4096 Mar 15 07:35 etc_backup
-rw-r--r-- 1 root root 458715 Mar 16 09:19 etc_backup.7z
-rw-r--r-- 1 root root 547215 Mar 16 09:18 etc_backup.tar.bz2
-rw-r--r-- 1 root root 576051 Mar 16 09:17 etc_backup.tar.gz

root@eltex-practice2-pg1-v22:~# ls -lh etc_backup.tar.gz etc_backup.tar.bz2 etc_backup.7z
-rw-r--r-- 1 root root 448K Mar 16 09:19 etc_backup.7z
-rw-r--r-- 1 root root 535K Mar 16 09:18 etc_backup.tar.bz2
-rw-r--r-- 1 root root 563K Mar 16 09:17 etc_backup.tar.gz

root@eltex-practice2-pg1-v22:~# date
Mon Mar 16 09:24:34 AM UTC 2026
root@eltex-practice2-pg1-v22:~# vi /etc/motd
root@eltex-practice2-pg1-v22:~# cat /etc/motd
Чернощеков Владимир 16.03.2026 16:25
root@eltex-practice2-pg1-v22:~# rsync -av /etc/ /root/etc_backup/etc/
root@eltex-practice2-pg1-v22:~# rm -r etc_backup.tar.gz
root@eltex-practice2-pg1-v22:~# ls -l
total 988
drwxr-xr-x 3 root root   4096 Mar 15 07:35 etc_backup
-rw-r--r-- 1 root root 458715 Mar 16 09:19 etc_backup.7z
-rw-r--r-- 1 root root 547215 Mar 16 09:18 etc_backup.tar.bz2
root@eltex-practice2-pg1-v22:~# tar -czf etc_backup.tar.gz etc_backup
root@eltex-practice2-pg1-v22:~# ls -lh etc_backup.tar.gz etc_backup.tar.bz2 etc_backup.7z
-rw-r--r-- 1 root root 448K Mar 16 09:19 etc_backup.7z
-rw-r--r-- 1 root root 535K Mar 16 09:18 etc_backup.tar.bz2
-rw-r--r-- 1 root root 584K Mar 16 09:35 etc_backup.tar.gz

root@eltex-practice2-pg1-v22:~# tar -tjf /root/etc_backup.tar.bz2 > /tmp/archive_bz2_list.txt
root@eltex-practice2-pg1-v22:~# find /root/etc_backup > /tmp/dir_etc_backup_list.txt

root@eltex-practice2-pg1-v22:~# cat /tmp/archive_bz2_list.txt | tail
etc_backup/etc/default/ufw
etc_backup/etc/default/ssh
etc_backup/etc/default/cron
etc_backup/etc/default/pollinate
etc_backup/etc/default/amd64-microcode
etc_backup/etc/credstore.encrypted/
etc_backup/etc/landscape/
etc_backup/etc/sudoers.d/
etc_backup/etc/sudoers.d/README
etc_backup/etc/hosts.deny

root@eltex-practice2-pg1-v22:~# cat /tmp/dir_etc_backup_list.txt | tail
/root/etc_backup/etc/default/ufw
/root/etc_backup/etc/default/ssh
/root/etc_backup/etc/default/cron
/root/etc_backup/etc/default/pollinate
/root/etc_backup/etc/default/amd64-microcode
/root/etc_backup/etc/credstore.encrypted
/root/etc_backup/etc/landscape
/root/etc_backup/etc/sudoers.d
/root/etc_backup/etc/sudoers.d/README
/root/etc_backup/etc/hosts.deny

root@eltex-practice2-pg1-v22:~# sed -i 's#^/root/##' /tmp/dir_etc_backup_list.txt
root@eltex-practice2-pg1-v22:~# cat /tmp/dir_etc_backup_list.txt | tail
etc_backup/etc/default/ufw
etc_backup/etc/default/ssh
etc_backup/etc/default/cron
etc_backup/etc/default/pollinate
etc_backup/etc/default/amd64-microcode
etc_backup/etc/credstore.encrypted
etc_backup/etc/landscape
etc_backup/etc/sudoers.d
etc_backup/etc/sudoers.d/README
etc_backup/etc/hosts.deny

root@eltex-practice2-pg1-v22:~# diff /tmp/dir_etc_backup_list.txt /tmp/archive_bz2_list.txt
root@eltex-practice2-pg1-v22:~# mkdir etc_backup_gzip
root@eltex-practice2-pg1-v22:~# mkdir etc_backup_7zip
root@eltex-practice2-pg1-v22:~# ls -l
total 1580
drwxr-xr-x 3 root root   4096 Mar 15 07:35 etc_backup
-rw-r--r-- 1 root root 458715 Mar 16 09:19 etc_backup.7z
drwxr-xr-x 2 root root   4096 Mar 16 10:45 etc_backup_7zip
drwxr-xr-x 2 root root   4096 Mar 16 10:44 etc_backup_gzip
-rw-r--r-- 1 root root 547215 Mar 16 09:18 etc_backup.tar.bz2
-rw-r--r-- 1 root root 597018 Mar 16 09:35 etc_backup.tar.gz

root@eltex-practice2-pg1-v22:~# cd etc_backup_gzip/
root@eltex-practice2-pg1-v22:~/etc_backup_gzip# ls -l
total 0
root@eltex-practice2-pg1-v22:~/etc_backup_gzip# cd ..
root@eltex-practice2-pg1-v22:~# tar -xzf etc_backup.tar.gz -C etc_backup_gzip

root@eltex-practice2-pg1-v22:~# cd etc_backup_7zip
root@eltex-practice2-pg1-v22:~/etc_backup_7zip# ls -l
total 0
root@eltex-practice2-pg1-v22:~/etc_backup_7zip# cd ..

root@eltex-practice2-pg1-v22:~# 7z x etc_backup.7z -oetc_backup_7zip

7-Zip 23.01 (x64) : Copyright (c) 1999-2023 Igor Pavlov : 2023-06-20
 64-bit locale=en_US.UTF-8 Threads:2 OPEN_MAX:1024

Scanning the drive for archives:
1 file, 458715 bytes (448 KiB)

Extracting archive: etc_backup.7z
--
Path = etc_backup.7z
Type = 7z
Physical Size = 458715
Headers Size = 12491
Method = LZMA2:3m
Solid = +
Blocks = 1

Everything is Ok

Folders: 242
Files: 859
Size:       2341507
Compressed: 458715
root@eltex-practice2-pg1-v22:~# diff etc_backup_gzip/etc_backup/etc/motd etc_backup_7zip/etc_backup/etc/motd
1c1
< Чернощеков Владимир 16.03.2026 16:25
---
> Чернощеков Владимир

